[28-Dec-2023 16:09:34 UTC] PHP Warning:  Attempt to read property "title" on null in C:\Users\HP\Local Sites\selise-assessment\app\public\wp-includes\class-wp-customize-widgets.php on line 905
[29-Dec-2023 05:33:26 UTC] PHP Fatal error:  Uncaught TypeError: ltrim(): Argument #1 ($string) must be of type string, WP_Error given in C:\Users\HP\Local Sites\selise-assessment\app\public\wp-includes\formatting.php:4494
Stack trace:
#0 C:\Users\HP\Local Sites\selise-assessment\app\public\wp-includes\formatting.php(4494): ltrim(Object(WP_Error))
#1 C:\Users\HP\Local Sites\selise-assessment\app\public\wp-content\themes\customtheme-child\index.php(87): esc_url(Object(WP_Error))
#2 C:\Users\HP\Local Sites\selise-assessment\app\public\wp-includes\template-loader.php(106): include('C:\\Users\\HP\\Loc...')
#3 C:\Users\HP\Local Sites\selise-assessment\app\public\wp-blog-header.php(19): require_once('C:\\Users\\HP\\Loc...')
#4 C:\Users\HP\Local Sites\selise-assessment\app\public\index.php(17): require('C:\\Users\\HP\\Loc...')
#5 {main}
  thrown in C:\Users\HP\Local Sites\selise-assessment\app\public\wp-includes\formatting.php on line 4494
[29-Dec-2023 05:33:50 UTC] PHP Fatal error:  Uncaught TypeError: ltrim(): Argument #1 ($string) must be of type string, WP_Error given in C:\Users\HP\Local Sites\selise-assessment\app\public\wp-includes\formatting.php:4494
Stack trace:
#0 C:\Users\HP\Local Sites\selise-assessment\app\public\wp-includes\formatting.php(4494): ltrim(Object(WP_Error))
#1 C:\Users\HP\Local Sites\selise-assessment\app\public\wp-content\themes\customtheme-child\index.php(87): esc_url(Object(WP_Error))
#2 C:\Users\HP\Local Sites\selise-assessment\app\public\wp-includes\template-loader.php(106): include('C:\\Users\\HP\\Loc...')
#3 C:\Users\HP\Local Sites\selise-assessment\app\public\wp-blog-header.php(19): require_once('C:\\Users\\HP\\Loc...')
#4 C:\Users\HP\Local Sites\selise-assessment\app\public\index.php(17): require('C:\\Users\\HP\\Loc...')
#5 {main}
  thrown in C:\Users\HP\Local Sites\selise-assessment\app\public\wp-includes\formatting.php on line 4494
[29-Dec-2023 11:16:00 UTC] Author Name: Bankim Chandra Chatterjee
[29-Dec-2023 11:16:00 UTC] Author Email: bankim@nomail.com
[29-Dec-2023 11:16:00 UTC] Category: Historical fiction
[29-Dec-2023 11:16:27 UTC] Author Name: Bibhutibhushan Bandyopadhyay
[29-Dec-2023 11:16:27 UTC] Author Email: abc@nomail.com
[29-Dec-2023 11:16:27 UTC] Category: Historical fiction
[29-Dec-2023 11:44:06 UTC] Author Name: Bibhutibhushan Bandyopadhyay
[29-Dec-2023 11:44:06 UTC] Author Email: abc@nomail.com
[29-Dec-2023 11:44:06 UTC] Category: Historical fiction
[29-Dec-2023 11:44:25 UTC] Author Name: Bibhutibhushan Bandyopadhyay
[29-Dec-2023 11:44:25 UTC] Author Email: abc@nomail.com
[29-Dec-2023 11:44:25 UTC] Category: Historical fiction
[29-Dec-2023 11:56:12 UTC] PHP Warning:  Attempt to read property "title" on null in C:\Users\HP\Local Sites\selise-assessment\app\public\wp-includes\class-wp-customize-widgets.php on line 905
[30-Dec-2023 07:32:10 UTC] Author Name: Bibhutibhushan Bandyopadhyay
[30-Dec-2023 07:32:10 UTC] Author Email: abc@nomail.com
[30-Dec-2023 07:32:10 UTC] Category: Historical fiction
